----------------------------------------------------------------
Thu Apr 07 13:42:37 EDT 2016:
Booting Derby version The Apache Software Foundation - Apache Derby - 10.11.1.1 - (1616546): instance a816c00e-0153-f1d1-93cd-000005498fd0 
on database directory /Users/gaozy/Documents/workspace/PaxosFuse/paxos_logs/paxos_logs.100 with class loader sun.misc.Launcher$AppClassLoader@135fbaa4 
Loaded from file:/Users/gaozy/Documents/workspace/PaxosFuse/jar/fuse.jar
java.vendor=Oracle Corporation
java.runtime.version=1.8.0_71-b15
user.dir=/Users/gaozy/Documents/workspace/PaxosFuse
os.name=Mac OS X
os.arch=x86_64
os.version=10.11.3
derby.system.home=null
Database Class Loader started - derby.database.classpath=''
----------------------------------------------------------------
Thu Apr 07 13:42:38 EDT 2016:
Booting Derby version The Apache Software Foundation - Apache Derby - 10.11.1.1 - (1616546): instance cead00d8-0153-f1d1-93cd-000005498fd0 
on database directory /Users/gaozy/Documents/workspace/PaxosFuse/paxos_logs/paxos_logs.101 with class loader sun.misc.Launcher$AppClassLoader@135fbaa4 
Loaded from file:/Users/gaozy/Documents/workspace/PaxosFuse/jar/fuse.jar
java.vendor=Oracle Corporation
java.runtime.version=1.8.0_71-b15
user.dir=/Users/gaozy/Documents/workspace/PaxosFuse
os.name=Mac OS X
os.arch=x86_64
os.version=10.11.3
derby.system.home=null
Database Class Loader started - derby.database.classpath=''
----------------------------------------------------------------
Thu Apr 07 13:42:39 EDT 2016:
Booting Derby version The Apache Software Foundation - Apache Derby - 10.11.1.1 - (1616546): instance dd1c41a2-0153-f1d1-93cd-000005498fd0 
on database directory /Users/gaozy/Documents/workspace/PaxosFuse/paxos_logs/paxos_logs.102 with class loader sun.misc.Launcher$AppClassLoader@135fbaa4 
Loaded from file:/Users/gaozy/Documents/workspace/PaxosFuse/jar/fuse.jar
java.vendor=Oracle Corporation
java.runtime.version=1.8.0_71-b15
user.dir=/Users/gaozy/Documents/workspace/PaxosFuse
os.name=Mac OS X
os.arch=x86_64
os.version=10.11.3
derby.system.home=null
Database Class Loader started - derby.database.classpath=''
----------------------------------------------------------------
Thu Apr 07 13:42:39 EDT 2016:
Booting Derby version The Apache Software Foundation - Apache Derby - 10.11.1.1 - (1616546): instance 5364826c-0153-f1d1-93cd-000005498fd0 
on database directory /Users/gaozy/Documents/workspace/PaxosFuse/reconfiguration_DB/reconfiguration_DB900 with class loader sun.misc.Launcher$AppClassLoader@135fbaa4 
Loaded from file:/Users/gaozy/Documents/workspace/PaxosFuse/jar/fuse.jar
java.vendor=Oracle Corporation
java.runtime.version=1.8.0_71-b15
user.dir=/Users/gaozy/Documents/workspace/PaxosFuse
os.name=Mac OS X
os.arch=x86_64
os.version=10.11.3
derby.system.home=null
Database Class Loader started - derby.database.classpath=''
----------------------------------------------------------------
Thu Apr 07 13:42:40 EDT 2016:
Booting Derby version The Apache Software Foundation - Apache Derby - 10.11.1.1 - (1616546): instance 03210338-0153-f1d1-93cd-000005498fd0 
on database directory /Users/gaozy/Documents/workspace/PaxosFuse/paxos_logs/paxos_logs.900 with class loader sun.misc.Launcher$AppClassLoader@135fbaa4 
Loaded from file:/Users/gaozy/Documents/workspace/PaxosFuse/jar/fuse.jar
java.vendor=Oracle Corporation
java.runtime.version=1.8.0_71-b15
user.dir=/Users/gaozy/Documents/workspace/PaxosFuse
os.name=Mac OS X
os.arch=x86_64
os.version=10.11.3
derby.system.home=null
Database Class Loader started - derby.database.classpath=''
----------------------------------------------------------------
Thu Apr 07 13:42:41 EDT 2016:
Booting Derby version The Apache Software Foundation - Apache Derby - 10.11.1.1 - (1616546): instance 9ee5c436-0153-f1d1-93cd-000005498fd0 
on database directory /Users/gaozy/Documents/workspace/PaxosFuse/reconfiguration_DB/reconfiguration_DB901 with class loader sun.misc.Launcher$AppClassLoader@135fbaa4 
Loaded from file:/Users/gaozy/Documents/workspace/PaxosFuse/jar/fuse.jar
java.vendor=Oracle Corporation
java.runtime.version=1.8.0_71-b15
user.dir=/Users/gaozy/Documents/workspace/PaxosFuse
os.name=Mac OS X
os.arch=x86_64
os.version=10.11.3
derby.system.home=null
Database Class Loader started - derby.database.classpath=''
----------------------------------------------------------------
Thu Apr 07 13:42:41 EDT 2016:
Booting Derby version The Apache Software Foundation - Apache Derby - 10.11.1.1 - (1616546): instance a9e04502-0153-f1d1-93cd-000005498fd0 
on database directory /Users/gaozy/Documents/workspace/PaxosFuse/paxos_logs/paxos_logs.901 with class loader sun.misc.Launcher$AppClassLoader@135fbaa4 
Loaded from file:/Users/gaozy/Documents/workspace/PaxosFuse/jar/fuse.jar
java.vendor=Oracle Corporation
java.runtime.version=1.8.0_71-b15
user.dir=/Users/gaozy/Documents/workspace/PaxosFuse
os.name=Mac OS X
os.arch=x86_64
os.version=10.11.3
derby.system.home=null
Database Class Loader started - derby.database.classpath=''
----------------------------------------------------------------
Thu Apr 07 13:42:41 EDT 2016:
Booting Derby version The Apache Software Foundation - Apache Derby - 10.11.1.1 - (1616546): instance f7400600-0153-f1d1-93cd-000005498fd0 
on database directory /Users/gaozy/Documents/workspace/PaxosFuse/reconfiguration_DB/reconfiguration_DB902 with class loader sun.misc.Launcher$AppClassLoader@135fbaa4 
Loaded from file:/Users/gaozy/Documents/workspace/PaxosFuse/jar/fuse.jar
java.vendor=Oracle Corporation
java.runtime.version=1.8.0_71-b15
user.dir=/Users/gaozy/Documents/workspace/PaxosFuse
os.name=Mac OS X
os.arch=x86_64
os.version=10.11.3
derby.system.home=null
Database Class Loader started - derby.database.classpath=''
----------------------------------------------------------------
Thu Apr 07 13:42:42 EDT 2016:
Booting Derby version The Apache Software Foundation - Apache Derby - 10.11.1.1 - (1616546): instance 5d7886cc-0153-f1d1-93cd-000005498fd0 
on database directory /Users/gaozy/Documents/workspace/PaxosFuse/paxos_logs/paxos_logs.902 with class loader sun.misc.Launcher$AppClassLoader@135fbaa4 
Loaded from file:/Users/gaozy/Documents/workspace/PaxosFuse/jar/fuse.jar
java.vendor=Oracle Corporation
java.runtime.version=1.8.0_71-b15
user.dir=/Users/gaozy/Documents/workspace/PaxosFuse
os.name=Mac OS X
os.arch=x86_64
os.version=10.11.3
derby.system.home=null
Database Class Loader started - derby.database.classpath=''
